<?xml version="1.0" encoding="UTF-8"?>
<!-- Generated by org.testng.reporters.JUnitXMLReporter -->
<testsuite ignored="2" hostname="DESKTOP-I7U672O" failures="0" tests="2" name="Test1" time="64.243" errors="0" timestamp="2023-01-11T12:18:39 IST">
  <testcase classname="TestNgTestScript.CreateAndDeleteOrganizationTest" name="createAndDeleteOrganization" time="32.816"/>
  <testcase classname="TestNgTestScript.Product_vendor_Test" name="createVendorandProduct" time="34.724"/>
  <testcase classname="com.crm.genericUtility.BaseClass" name="@BeforeSuite configDB" time="0.0">
    <ignored/>
  </testcase> <!-- @BeforeSuite configDB -->
  <testcase classname="com.crm.genericUtility.BaseClass" name="@AfterSuite configAS" time="0.0">
    <ignored/>
  </testcase> <!-- @AfterSuite configAS -->
</testsuite> <!-- Test1 -->
